# Logfile created on 2014-08-25 13:53:23 +0530 by logger.rb/44203
I, [2014-08-25T13:53:23.278243 #4151]  INFO -- : 0:  rake (10.3.2) from /usr/local/rvm/gems/ruby-2.1.0/specifications/rake-10.3.2.gemspec
I, [2014-08-25T13:53:23.285339 #4151]  INFO -- : 0:  i18n (0.6.11) from /usr/local/rvm/gems/ruby-2.1.0/specifications/i18n-0.6.11.gemspec
E, [2014-08-25T13:53:23.289104 #4151] ERROR -- : Bundler::GemNotFound: Could not find json-1.8.1.gem for installation
/usr/local/rvm/gems/ruby-2.1.0@global/gems/bundler-1.5.0/lib/bundler/source/rubygems.rb:149:in `cached_gem'  \n/usr/local/rvm/gems/ruby-2.1.0@global/gems/bundler-1.5.0/lib/bundler/source/rubygems.rb:84:in `install'  \n/usr/local/rvm/gems/ruby-2.1.0@global/gems/bundler-1.5.0/lib/bundler/installer.rb:111:in `block in install_gem_from_spec'  \n/usr/local/rvm/gems/ruby-2.1.0@global/gems/bundler-1.5.0/lib/bundler/rubygems_integration.rb:150:in `with_build_args'  \n/usr/local/rvm/gems/ruby-2.1.0@global/gems/bundler-1.5.0/lib/bundler/installer.rb:110:in `install_gem_from_spec'  \n/usr/local/rvm/gems/ruby-2.1.0@global/gems/bundler-1.5.0/lib/bundler/installer.rb:295:in `block in install_sequentially'  \n/usr/local/rvm/rubies/ruby-2.1.0/lib/ruby/2.1.0/forwardable.rb:183:in `each'  \n/usr/local/rvm/rubies/ruby-2.1.0/lib/ruby/2.1.0/forwardable.rb:183:in `each'  \n/usr/local/rvm/gems/ruby-2.1.0@global/gems/bundler-1.5.0/lib/bundler/installer.rb:294:in `install_sequentially'  \n/usr/local/rvm/gems/ruby-2.1.0@global/gems/bundler-1.5.0/lib/bundler/installer.rb:97:in `run'  \n/usr/local/rvm/gems/ruby-2.1.0@global/gems/bundler-1.5.0/lib/bundler/installer.rb:15:in `install'  \n/usr/local/rvm/gems/ruby-2.1.0@global/gems/bundler-1.5.0/lib/bundler/cli.rb:257:in `install'  \n/usr/local/rvm/gems/ruby-2.1.0@global/gems/bundler-1.5.0/lib/bundler/vendor/thor/command.rb:27:in `run'  \n/usr/local/rvm/gems/ruby-2.1.0@global/gems/bundler-1.5.0/lib/bundler/vendor/thor/invocation.rb:120:in `invoke_command'  \n/usr/local/rvm/gems/ruby-2.1.0@global/gems/bundler-1.5.0/lib/bundler/vendor/thor.rb:363:in `dispatch'  \n/usr/local/rvm/gems/ruby-2.1.0@global/gems/bundler-1.5.0/lib/bundler/vendor/thor/base.rb:438:in `start'  \n/usr/local/rvm/gems/ruby-2.1.0@global/gems/bundler-1.5.0/lib/bundler/cli.rb:10:in `start'  \n/usr/local/rvm/gems/ruby-2.1.0@global/gems/bundler-1.5.0/bin/bundle:22:in `block in <top (required)>'  \n/usr/local/rvm/gems/ruby-2.1.0@global/gems/bundler-1.5.0/lib/bundler/friendly_errors.rb:5:in `with_friendly_errors'  \n/usr/local/rvm/gems/ruby-2.1.0@global/gems/bundler-1.5.0/bin/bundle:22:in `<top (required)>'  \n/usr/local/rvm/gems/ruby-2.1.0@global/bin/bundle:23:in `load'  \n/usr/local/rvm/gems/ruby-2.1.0@global/bin/bundle:23:in `<main>'  \n/usr/local/rvm/gems/ruby-2.1.0/bin/ruby_executable_hooks:15:in `eval'  \n/usr/local/rvm/gems/ruby-2.1.0/bin/ruby_executable_hooks:15:in `<main>'
I, [2014-08-25T13:54:10.888678 #4233]  INFO -- : 0:  rake (10.3.2) from /usr/local/rvm/gems/ruby-2.1.0/specifications/rake-10.3.2.gemspec
I, [2014-08-25T13:54:10.891018 #4233]  INFO -- : 0:  i18n (0.6.11) from /usr/local/rvm/gems/ruby-2.1.0/specifications/i18n-0.6.11.gemspec
I, [2014-08-25T13:54:13.320176 #4233]  INFO -- : 0:  json (1.8.1) from /usr/local/rvm/gems/ruby-2.1.0/specifications/json-1.8.1.gemspec
I, [2014-08-25T13:54:13.325861 #4233]  INFO -- : 0:  minitest (5.4.0) from /usr/local/rvm/gems/ruby-2.1.0/specifications/minitest-5.4.0.gemspec
I, [2014-08-25T13:54:13.336460 #4233]  INFO -- : 0:  thread_safe (0.3.4) from /usr/local/rvm/gems/ruby-2.1.0/specifications/thread_safe-0.3.4.gemspec
I, [2014-08-25T13:54:13.339611 #4233]  INFO -- : 0:  tzinfo (1.2.2) from /usr/local/rvm/gems/ruby-2.1.0/specifications/tzinfo-1.2.2.gemspec
I, [2014-08-25T13:54:13.343681 #4233]  INFO -- : 0:  activesupport (4.1.5) from /usr/local/rvm/gems/ruby-2.1.0/specifications/activesupport-4.1.5.gemspec
I, [2014-08-25T13:54:13.348453 #4233]  INFO -- : 0:  builder (3.2.2) from /usr/local/rvm/gems/ruby-2.1.0/specifications/builder-3.2.2.gemspec
I, [2014-08-25T13:54:13.352153 #4233]  INFO -- : 0:  erubis (2.7.0) from /usr/local/rvm/gems/ruby-2.1.0/specifications/erubis-2.7.0.gemspec
I, [2014-08-25T13:54:13.355863 #4233]  INFO -- : 0:  actionview (4.1.5) from /usr/local/rvm/gems/ruby-2.1.0/specifications/actionview-4.1.5.gemspec
I, [2014-08-25T13:54:13.359599 #4233]  INFO -- : 0:  rack (1.5.2) from /usr/local/rvm/gems/ruby-2.1.0/specifications/rack-1.5.2.gemspec
I, [2014-08-25T13:54:13.362578 #4233]  INFO -- : 0:  rack-test (0.6.2) from /usr/local/rvm/gems/ruby-2.1.0/specifications/rack-test-0.6.2.gemspec
I, [2014-08-25T13:54:13.366107 #4233]  INFO -- : 0:  actionpack (4.1.5) from /usr/local/rvm/gems/ruby-2.1.0/specifications/actionpack-4.1.5.gemspec
I, [2014-08-25T13:54:13.372674 #4233]  INFO -- : 0:  mime-types (1.25.1) from /usr/local/rvm/gems/ruby-2.1.0/specifications/mime-types-1.25.1.gemspec
I, [2014-08-25T13:54:13.376921 #4233]  INFO -- : 0:  polyglot (0.3.5) from /usr/local/rvm/gems/ruby-2.1.0/specifications/polyglot-0.3.5.gemspec
I, [2014-08-25T13:54:13.382618 #4233]  INFO -- : 0:  treetop (1.4.15) from /usr/local/rvm/gems/ruby-2.1.0/specifications/treetop-1.4.15.gemspec
I, [2014-08-25T13:54:13.387884 #4233]  INFO -- : 0:  mail (2.5.4) from /usr/local/rvm/gems/ruby-2.1.0/specifications/mail-2.5.4.gemspec
I, [2014-08-25T13:54:13.391240 #4233]  INFO -- : 0:  actionmailer (4.1.5) from /usr/local/rvm/gems/ruby-2.1.0/specifications/actionmailer-4.1.5.gemspec
I, [2014-08-25T13:54:13.394414 #4233]  INFO -- : 0:  activemodel (4.1.5) from /usr/local/rvm/gems/ruby-2.1.0/specifications/activemodel-4.1.5.gemspec
I, [2014-08-25T13:54:13.398268 #4233]  INFO -- : 0:  arel (5.0.1.20140414130214) from /usr/local/rvm/gems/ruby-2.1.0/specifications/arel-5.0.1.20140414130214.gemspec
I, [2014-08-25T13:54:13.402058 #4233]  INFO -- : 0:  activerecord (4.1.5) from /usr/local/rvm/gems/ruby-2.1.0/specifications/activerecord-4.1.5.gemspec
I, [2014-08-25T13:54:13.405736 #4233]  INFO -- : 0:  bundler (1.5.0) from /usr/local/rvm/gems/ruby-2.1.0@global/specifications/bundler-1.5.0.gemspec
I, [2014-08-25T13:54:16.984622 #4233]  INFO -- : 0:  coffee-script-source (1.7.1) from /usr/local/rvm/gems/ruby-2.1.0/specifications/coffee-script-source-1.7.1.gemspec
I, [2014-08-25T13:54:20.119932 #4233]  INFO -- : 0:  execjs (2.2.1) from /usr/local/rvm/gems/ruby-2.1.0/specifications/execjs-2.2.1.gemspec
I, [2014-08-25T13:54:22.838733 #4233]  INFO -- : 0:  coffee-script (2.3.0) from /usr/local/rvm/gems/ruby-2.1.0/specifications/coffee-script-2.3.0.gemspec
I, [2014-08-25T13:54:22.841730 #4233]  INFO -- : 0:  thor (0.19.1) from /usr/local/rvm/gems/ruby-2.1.0/specifications/thor-0.19.1.gemspec
I, [2014-08-25T13:54:22.844327 #4233]  INFO -- : 0:  railties (4.1.5) from /usr/local/rvm/gems/ruby-2.1.0/specifications/railties-4.1.5.gemspec
I, [2014-08-25T13:54:25.537266 #4233]  INFO -- : 0:  coffee-rails (4.0.1) from /usr/local/rvm/gems/ruby-2.1.0/specifications/coffee-rails-4.0.1.gemspec
I, [2014-08-25T13:54:25.539802 #4233]  INFO -- : 0:  hike (1.2.3) from /usr/local/rvm/gems/ruby-2.1.0/specifications/hike-1.2.3.gemspec
I, [2014-08-25T13:54:25.541595 #4233]  INFO -- : 0:  multi_json (1.10.1) from /usr/local/rvm/gems/ruby-2.1.0/specifications/multi_json-1.10.1.gemspec
I, [2014-08-25T13:54:36.143809 #4233]  INFO -- : 0:  jbuilder (2.1.3) from /usr/local/rvm/gems/ruby-2.1.0/specifications/jbuilder-2.1.3.gemspec
I, [2014-08-25T13:54:51.093597 #4233]  INFO -- : 0:  jquery-rails (3.1.1) from /usr/local/rvm/gems/ruby-2.1.0/specifications/jquery-rails-3.1.1.gemspec
I, [2014-08-25T13:54:51.096462 #4233]  INFO -- : 0:  tilt (1.4.1) from /usr/local/rvm/gems/ruby-2.1.0/specifications/tilt-1.4.1.gemspec
I, [2014-08-25T13:54:54.814858 #4233]  INFO -- : 0:  sprockets (2.11.0) from /usr/local/rvm/gems/ruby-2.1.0/specifications/sprockets-2.11.0.gemspec
I, [2014-08-25T13:54:54.817900 #4233]  INFO -- : 0:  sprockets-rails (2.1.3) from /usr/local/rvm/gems/ruby-2.1.0/specifications/sprockets-rails-2.1.3.gemspec
I, [2014-08-25T13:54:54.820650 #4233]  INFO -- : 0:  rails (4.1.5) from /usr/local/rvm/gems/ruby-2.1.0/specifications/rails-4.1.5.gemspec
I, [2014-08-25T13:55:47.359709 #4233]  INFO -- : 0:  rdoc (4.1.1) from /usr/local/rvm/gems/ruby-2.1.0/specifications/rdoc-4.1.1.gemspec
I, [2014-08-25T13:56:00.365706 #4233]  INFO -- : 0:  sass (3.2.19) from /usr/local/rvm/gems/ruby-2.1.0/specifications/sass-3.2.19.gemspec
I, [2014-08-25T13:56:04.540410 #4233]  INFO -- : 0:  sass-rails (4.0.3) from /usr/local/rvm/gems/ruby-2.1.0/specifications/sass-rails-4.0.3.gemspec
I, [2014-08-25T13:56:15.674992 #4233]  INFO -- : 0:  sdoc (0.4.1) from /usr/local/rvm/gems/ruby-2.1.0/specifications/sdoc-0.4.1.gemspec
I, [2014-08-25T13:56:15.675950 #4233]  INFO -- : 0:  spring (1.1.3) from /usr/local/rvm/gems/ruby-2.1.0/specifications/spring-1.1.3.gemspec
I, [2014-08-25T13:56:24.617644 #4233]  INFO -- : 0:  sqlite3 (1.3.9) from /usr/local/rvm/gems/ruby-2.1.0/specifications/sqlite3-1.3.9.gemspec
I, [2014-08-25T13:56:27.798976 #4233]  INFO -- : 0:  turbolinks (2.3.0) from /usr/local/rvm/gems/ruby-2.1.0/specifications/turbolinks-2.3.0.gemspec
I, [2014-08-25T13:56:34.917706 #4233]  INFO -- : 0:  uglifier (2.5.3) from /usr/local/rvm/gems/ruby-2.1.0/specifications/uglifier-2.5.3.gemspec
I, [2014-08-25T13:57:57.208846 #4509]  INFO -- : 0:  rake (10.3.2) from /usr/local/rvm/gems/ruby-2.1.0/specifications/rake-10.3.2.gemspec
I, [2014-08-25T13:57:57.209811 #4509]  INFO -- : 0:  i18n (0.6.11) from /usr/local/rvm/gems/ruby-2.1.0/specifications/i18n-0.6.11.gemspec
I, [2014-08-25T13:57:59.338775 #4509]  INFO -- : 0:  json (1.8.1) from /usr/local/rvm/gems/ruby-2.1.0/specifications/json-1.8.1.gemspec
I, [2014-08-25T13:57:59.342334 #4509]  INFO -- : 0:  minitest (5.4.0) from /usr/local/rvm/gems/ruby-2.1.0/specifications/minitest-5.4.0.gemspec
I, [2014-08-25T13:57:59.350931 #4509]  INFO -- : 0:  thread_safe (0.3.4) from /usr/local/rvm/gems/ruby-2.1.0/specifications/thread_safe-0.3.4.gemspec
I, [2014-08-25T13:57:59.359695 #4509]  INFO -- : 0:  tzinfo (1.2.2) from /usr/local/rvm/gems/ruby-2.1.0/specifications/tzinfo-1.2.2.gemspec
I, [2014-08-25T13:57:59.367243 #4509]  INFO -- : 0:  activesupport (4.1.5) from /usr/local/rvm/gems/ruby-2.1.0/specifications/activesupport-4.1.5.gemspec
I, [2014-08-25T13:57:59.371890 #4509]  INFO -- : 0:  builder (3.2.2) from /usr/local/rvm/gems/ruby-2.1.0/specifications/builder-3.2.2.gemspec
I, [2014-08-25T13:57:59.375326 #4509]  INFO -- : 0:  erubis (2.7.0) from /usr/local/rvm/gems/ruby-2.1.0/specifications/erubis-2.7.0.gemspec
I, [2014-08-25T13:57:59.378509 #4509]  INFO -- : 0:  actionview (4.1.5) from /usr/local/rvm/gems/ruby-2.1.0/specifications/actionview-4.1.5.gemspec
I, [2014-08-25T13:57:59.385847 #4509]  INFO -- : 0:  rack (1.5.2) from /usr/local/rvm/gems/ruby-2.1.0/specifications/rack-1.5.2.gemspec
I, [2014-08-25T13:57:59.392406 #4509]  INFO -- : 0:  rack-test (0.6.2) from /usr/local/rvm/gems/ruby-2.1.0/specifications/rack-test-0.6.2.gemspec
I, [2014-08-25T13:57:59.398246 #4509]  INFO -- : 0:  actionpack (4.1.5) from /usr/local/rvm/gems/ruby-2.1.0/specifications/actionpack-4.1.5.gemspec
I, [2014-08-25T13:57:59.401382 #4509]  INFO -- : 0:  mime-types (1.25.1) from /usr/local/rvm/gems/ruby-2.1.0/specifications/mime-types-1.25.1.gemspec
I, [2014-08-25T13:57:59.404799 #4509]  INFO -- : 0:  polyglot (0.3.5) from /usr/local/rvm/gems/ruby-2.1.0/specifications/polyglot-0.3.5.gemspec
I, [2014-08-25T13:57:59.408287 #4509]  INFO -- : 0:  treetop (1.4.15) from /usr/local/rvm/gems/ruby-2.1.0/specifications/treetop-1.4.15.gemspec
I, [2014-08-25T13:57:59.412052 #4509]  INFO -- : 0:  mail (2.5.4) from /usr/local/rvm/gems/ruby-2.1.0/specifications/mail-2.5.4.gemspec
I, [2014-08-25T13:57:59.416192 #4509]  INFO -- : 0:  actionmailer (4.1.5) from /usr/local/rvm/gems/ruby-2.1.0/specifications/actionmailer-4.1.5.gemspec
I, [2014-08-25T13:57:59.419544 #4509]  INFO -- : 0:  activemodel (4.1.5) from /usr/local/rvm/gems/ruby-2.1.0/specifications/activemodel-4.1.5.gemspec
I, [2014-08-25T13:57:59.422582 #4509]  INFO -- : 0:  arel (5.0.1.20140414130214) from /usr/local/rvm/gems/ruby-2.1.0/specifications/arel-5.0.1.20140414130214.gemspec
I, [2014-08-25T13:57:59.425958 #4509]  INFO -- : 0:  activerecord (4.1.5) from /usr/local/rvm/gems/ruby-2.1.0/specifications/activerecord-4.1.5.gemspec
I, [2014-08-25T13:57:59.429353 #4509]  INFO -- : 0:  coffee-script-source (1.7.1) from /usr/local/rvm/gems/ruby-2.1.0/specifications/coffee-script-source-1.7.1.gemspec
I, [2014-08-25T13:57:59.432665 #4509]  INFO -- : 0:  execjs (2.2.1) from /usr/local/rvm/gems/ruby-2.1.0/specifications/execjs-2.2.1.gemspec
I, [2014-08-25T13:57:59.436486 #4509]  INFO -- : 0:  coffee-script (2.3.0) from /usr/local/rvm/gems/ruby-2.1.0/specifications/coffee-script-2.3.0.gemspec
I, [2014-08-25T13:57:59.439956 #4509]  INFO -- : 0:  thor (0.19.1) from /usr/local/rvm/gems/ruby-2.1.0/specifications/thor-0.19.1.gemspec
I, [2014-08-25T13:57:59.443533 #4509]  INFO -- : 0:  railties (4.1.5) from /usr/local/rvm/gems/ruby-2.1.0/specifications/railties-4.1.5.gemspec
I, [2014-08-25T13:57:59.454179 #4509]  INFO -- : 0:  coffee-rails (4.0.1) from /usr/local/rvm/gems/ruby-2.1.0/specifications/coffee-rails-4.0.1.gemspec
I, [2014-08-25T13:57:59.459332 #4509]  INFO -- : 0:  hike (1.2.3) from /usr/local/rvm/gems/ruby-2.1.0/specifications/hike-1.2.3.gemspec
I, [2014-08-25T13:57:59.464297 #4509]  INFO -- : 0:  multi_json (1.10.1) from /usr/local/rvm/gems/ruby-2.1.0/specifications/multi_json-1.10.1.gemspec
I, [2014-08-25T13:57:59.469296 #4509]  INFO -- : 0:  jbuilder (2.1.3) from /usr/local/rvm/gems/ruby-2.1.0/specifications/jbuilder-2.1.3.gemspec
I, [2014-08-25T13:57:59.485252 #4509]  INFO -- : 0:  jquery-rails (3.1.1) from /usr/local/rvm/gems/ruby-2.1.0/specifications/jquery-rails-3.1.1.gemspec
I, [2014-08-25T13:57:59.497567 #4509]  INFO -- : 0:  bundler (1.5.0) from /usr/local/rvm/gems/ruby-2.1.0@global/specifications/bundler-1.5.0.gemspec
I, [2014-08-25T13:57:59.500876 #4509]  INFO -- : 0:  tilt (1.4.1) from /usr/local/rvm/gems/ruby-2.1.0/specifications/tilt-1.4.1.gemspec
I, [2014-08-25T13:57:59.504791 #4509]  INFO -- : 0:  sprockets (2.11.0) from /usr/local/rvm/gems/ruby-2.1.0/specifications/sprockets-2.11.0.gemspec
I, [2014-08-25T13:57:59.509844 #4509]  INFO -- : 0:  sprockets-rails (2.1.3) from /usr/local/rvm/gems/ruby-2.1.0/specifications/sprockets-rails-2.1.3.gemspec
I, [2014-08-25T13:57:59.513110 #4509]  INFO -- : 0:  rails (4.1.5) from /usr/local/rvm/gems/ruby-2.1.0/specifications/rails-4.1.5.gemspec
I, [2014-08-25T13:57:59.516623 #4509]  INFO -- : 0:  rdoc (4.1.1) from /usr/local/rvm/gems/ruby-2.1.0/specifications/rdoc-4.1.1.gemspec
I, [2014-08-25T13:57:59.534526 #4509]  INFO -- : 0:  sass (3.2.19) from /usr/local/rvm/gems/ruby-2.1.0/specifications/sass-3.2.19.gemspec
I, [2014-08-25T13:57:59.543469 #4509]  INFO -- : 0:  sass-rails (4.0.3) from /usr/local/rvm/gems/ruby-2.1.0/specifications/sass-rails-4.0.3.gemspec
I, [2014-08-25T13:57:59.546775 #4509]  INFO -- : 0:  sdoc (0.4.1) from /usr/local/rvm/gems/ruby-2.1.0/specifications/sdoc-0.4.1.gemspec
I, [2014-08-25T13:57:59.550554 #4509]  INFO -- : 0:  spring (1.1.3) from /usr/local/rvm/gems/ruby-2.1.0/specifications/spring-1.1.3.gemspec
I, [2014-08-25T13:57:59.553055 #4509]  INFO -- : 0:  sqlite3 (1.3.9) from /usr/local/rvm/gems/ruby-2.1.0/specifications/sqlite3-1.3.9.gemspec
I, [2014-08-25T13:57:59.557105 #4509]  INFO -- : 0:  turbolinks (2.3.0) from /usr/local/rvm/gems/ruby-2.1.0/specifications/turbolinks-2.3.0.gemspec
I, [2014-08-25T13:57:59.560443 #4509]  INFO -- : 0:  uglifier (2.5.3) from /usr/local/rvm/gems/ruby-2.1.0/specifications/uglifier-2.5.3.gemspec
I, [2014-08-25T14:02:11.862529 #4675]  INFO -- : 0:  rake (10.3.2) from /usr/local/rvm/gems/ruby-2.1.0/specifications/rake-10.3.2.gemspec
I, [2014-08-25T14:02:11.868114 #4675]  INFO -- : 0:  i18n (0.6.11) from /usr/local/rvm/gems/ruby-2.1.0/specifications/i18n-0.6.11.gemspec
I, [2014-08-25T14:02:13.426928 #4675]  INFO -- : 0:  json (1.8.1) from /usr/local/rvm/gems/ruby-2.1.0/specifications/json-1.8.1.gemspec
I, [2014-08-25T14:02:13.433615 #4675]  INFO -- : 0:  minitest (5.4.0) from /usr/local/rvm/gems/ruby-2.1.0/specifications/minitest-5.4.0.gemspec
I, [2014-08-25T14:02:13.439583 #4675]  INFO -- : 0:  thread_safe (0.3.4) from /usr/local/rvm/gems/ruby-2.1.0/specifications/thread_safe-0.3.4.gemspec
I, [2014-08-25T14:02:13.443009 #4675]  INFO -- : 0:  tzinfo (1.2.2) from /usr/local/rvm/gems/ruby-2.1.0/specifications/tzinfo-1.2.2.gemspec
I, [2014-08-25T14:02:13.447080 #4675]  INFO -- : 0:  activesupport (4.1.5) from /usr/local/rvm/gems/ruby-2.1.0/specifications/activesupport-4.1.5.gemspec
I, [2014-08-25T14:02:13.453260 #4675]  INFO -- : 0:  builder (3.2.2) from /usr/local/rvm/gems/ruby-2.1.0/specifications/builder-3.2.2.gemspec
I, [2014-08-25T14:02:13.456805 #4675]  INFO -- : 0:  erubis (2.7.0) from /usr/local/rvm/gems/ruby-2.1.0/specifications/erubis-2.7.0.gemspec
I, [2014-08-25T14:02:13.459737 #4675]  INFO -- : 0:  actionview (4.1.5) from /usr/local/rvm/gems/ruby-2.1.0/specifications/actionview-4.1.5.gemspec
I, [2014-08-25T14:02:13.462556 #4675]  INFO -- : 0:  rack (1.5.2) from /usr/local/rvm/gems/ruby-2.1.0/specifications/rack-1.5.2.gemspec
I, [2014-08-25T14:02:13.467175 #4675]  INFO -- : 0:  rack-test (0.6.2) from /usr/local/rvm/gems/ruby-2.1.0/specifications/rack-test-0.6.2.gemspec
I, [2014-08-25T14:02:13.469813 #4675]  INFO -- : 0:  actionpack (4.1.5) from /usr/local/rvm/gems/ruby-2.1.0/specifications/actionpack-4.1.5.gemspec
I, [2014-08-25T14:02:13.473206 #4675]  INFO -- : 0:  mime-types (1.25.1) from /usr/local/rvm/gems/ruby-2.1.0/specifications/mime-types-1.25.1.gemspec
I, [2014-08-25T14:02:13.475731 #4675]  INFO -- : 0:  polyglot (0.3.5) from /usr/local/rvm/gems/ruby-2.1.0/specifications/polyglot-0.3.5.gemspec
I, [2014-08-25T14:02:13.478648 #4675]  INFO -- : 0:  treetop (1.4.15) from /usr/local/rvm/gems/ruby-2.1.0/specifications/treetop-1.4.15.gemspec
I, [2014-08-25T14:02:13.482693 #4675]  INFO -- : 0:  mail (2.5.4) from /usr/local/rvm/gems/ruby-2.1.0/specifications/mail-2.5.4.gemspec
I, [2014-08-25T14:02:13.485807 #4675]  INFO -- : 0:  actionmailer (4.1.5) from /usr/local/rvm/gems/ruby-2.1.0/specifications/actionmailer-4.1.5.gemspec
I, [2014-08-25T14:02:13.489164 #4675]  INFO -- : 0:  activemodel (4.1.5) from /usr/local/rvm/gems/ruby-2.1.0/specifications/activemodel-4.1.5.gemspec
I, [2014-08-25T14:02:13.491576 #4675]  INFO -- : 0:  arel (5.0.1.20140414130214) from /usr/local/rvm/gems/ruby-2.1.0/specifications/arel-5.0.1.20140414130214.gemspec
I, [2014-08-25T14:02:13.494555 #4675]  INFO -- : 0:  activerecord (4.1.5) from /usr/local/rvm/gems/ruby-2.1.0/specifications/activerecord-4.1.5.gemspec
I, [2014-08-25T14:02:13.496996 #4675]  INFO -- : 0:  bundler (1.5.0) from /usr/local/rvm/gems/ruby-2.1.0@global/specifications/bundler-1.5.0.gemspec
I, [2014-08-25T14:02:13.500083 #4675]  INFO -- : 0:  coffee-script-source (1.7.1) from /usr/local/rvm/gems/ruby-2.1.0/specifications/coffee-script-source-1.7.1.gemspec
I, [2014-08-25T14:02:13.508691 #4675]  INFO -- : 0:  execjs (2.2.1) from /usr/local/rvm/gems/ruby-2.1.0/specifications/execjs-2.2.1.gemspec
I, [2014-08-25T14:02:13.511653 #4675]  INFO -- : 0:  coffee-script (2.3.0) from /usr/local/rvm/gems/ruby-2.1.0/specifications/coffee-script-2.3.0.gemspec
I, [2014-08-25T14:02:13.515580 #4675]  INFO -- : 0:  thor (0.19.1) from /usr/local/rvm/gems/ruby-2.1.0/specifications/thor-0.19.1.gemspec
I, [2014-08-25T14:02:13.518626 #4675]  INFO -- : 0:  railties (4.1.5) from /usr/local/rvm/gems/ruby-2.1.0/specifications/railties-4.1.5.gemspec
I, [2014-08-25T14:02:13.521474 #4675]  INFO -- : 0:  coffee-rails (4.0.1) from /usr/local/rvm/gems/ruby-2.1.0/specifications/coffee-rails-4.0.1.gemspec
I, [2014-08-25T14:02:13.525166 #4675]  INFO -- : 0:  hike (1.2.3) from /usr/local/rvm/gems/ruby-2.1.0/specifications/hike-1.2.3.gemspec
I, [2014-08-25T14:02:13.533800 #4675]  INFO -- : 0:  multi_json (1.10.1) from /usr/local/rvm/gems/ruby-2.1.0/specifications/multi_json-1.10.1.gemspec
I, [2014-08-25T14:02:13.536870 #4675]  INFO -- : 0:  jbuilder (2.1.3) from /usr/local/rvm/gems/ruby-2.1.0/specifications/jbuilder-2.1.3.gemspec
I, [2014-08-25T14:02:13.539906 #4675]  INFO -- : 0:  jquery-rails (3.1.1) from /usr/local/rvm/gems/ruby-2.1.0/specifications/jquery-rails-3.1.1.gemspec
I, [2014-08-25T14:02:55.233308 #4675]  INFO -- : 0:  libv8 (3.16.14.3) from /usr/local/rvm/gems/ruby-2.1.0/specifications/libv8-3.16.14.3-x86_64-linux.gemspec
I, [2014-08-25T14:02:55.234401 #4675]  INFO -- : 0:  tilt (1.4.1) from /usr/local/rvm/gems/ruby-2.1.0/specifications/tilt-1.4.1.gemspec
I, [2014-08-25T14:02:55.237624 #4675]  INFO -- : 0:  sprockets (2.11.0) from /usr/local/rvm/gems/ruby-2.1.0/specifications/sprockets-2.11.0.gemspec
I, [2014-08-25T14:02:55.239924 #4675]  INFO -- : 0:  sprockets-rails (2.1.3) from /usr/local/rvm/gems/ruby-2.1.0/specifications/sprockets-rails-2.1.3.gemspec
I, [2014-08-25T14:02:55.242620 #4675]  INFO -- : 0:  rails (4.1.5) from /usr/local/rvm/gems/ruby-2.1.0/specifications/rails-4.1.5.gemspec
I, [2014-08-25T14:02:55.244872 #4675]  INFO -- : 0:  rdoc (4.1.1) from /usr/local/rvm/gems/ruby-2.1.0/specifications/rdoc-4.1.1.gemspec
I, [2014-08-25T14:02:58.206255 #4675]  INFO -- : 0:  ref (1.0.5) from /usr/local/rvm/gems/ruby-2.1.0/specifications/ref-1.0.5.gemspec
I, [2014-08-25T14:02:58.208561 #4675]  INFO -- : 0:  sass (3.2.19) from /usr/local/rvm/gems/ruby-2.1.0/specifications/sass-3.2.19.gemspec
I, [2014-08-25T14:02:58.211117 #4675]  INFO -- : 0:  sass-rails (4.0.3) from /usr/local/rvm/gems/ruby-2.1.0/specifications/sass-rails-4.0.3.gemspec
I, [2014-08-25T14:02:58.213291 #4675]  INFO -- : 0:  sdoc (0.4.1) from /usr/local/rvm/gems/ruby-2.1.0/specifications/sdoc-0.4.1.gemspec
I, [2014-08-25T14:02:58.215336 #4675]  INFO -- : 0:  spring (1.1.3) from /usr/local/rvm/gems/ruby-2.1.0/specifications/spring-1.1.3.gemspec
I, [2014-08-25T14:02:58.220389 #4675]  INFO -- : 0:  sqlite3 (1.3.9) from /usr/local/rvm/gems/ruby-2.1.0/specifications/sqlite3-1.3.9.gemspec
I, [2014-08-25T14:03:14.113832 #4675]  INFO -- : 0:  therubyracer (0.12.1) from /usr/local/rvm/gems/ruby-2.1.0/specifications/therubyracer-0.12.1.gemspec
I, [2014-08-25T14:03:14.115375 #4675]  INFO -- : 0:  turbolinks (2.3.0) from /usr/local/rvm/gems/ruby-2.1.0/specifications/turbolinks-2.3.0.gemspec
I, [2014-08-25T14:03:14.118290 #4675]  INFO -- : 0:  uglifier (2.5.3) from /usr/local/rvm/gems/ruby-2.1.0/specifications/uglifier-2.5.3.gemspec
I, [2014-08-25T18:21:23.153749 #9957]  INFO -- : 0:  rake (10.3.2) from /usr/local/rvm/gems/ruby-2.1.0/specifications/rake-10.3.2.gemspec
I, [2014-08-25T18:21:23.156781 #9957]  INFO -- : 0:  i18n (0.6.11) from /usr/local/rvm/gems/ruby-2.1.0/specifications/i18n-0.6.11.gemspec
I, [2014-08-25T18:21:44.741866 #9957]  INFO -- : 0:  json (1.8.1) from /usr/local/rvm/gems/ruby-2.1.0/specifications/json-1.8.1.gemspec
I, [2014-08-25T18:21:44.783430 #9957]  INFO -- : 0:  minitest (5.4.0) from /usr/local/rvm/gems/ruby-2.1.0/specifications/minitest-5.4.0.gemspec
I, [2014-08-25T18:21:44.798419 #9957]  INFO -- : 0:  thread_safe (0.3.4) from /usr/local/rvm/gems/ruby-2.1.0/specifications/thread_safe-0.3.4.gemspec
I, [2014-08-25T18:21:44.805272 #9957]  INFO -- : 0:  tzinfo (1.2.2) from /usr/local/rvm/gems/ruby-2.1.0/specifications/tzinfo-1.2.2.gemspec
I, [2014-08-25T18:21:44.814461 #9957]  INFO -- : 0:  activesupport (4.1.5) from /usr/local/rvm/gems/ruby-2.1.0/specifications/activesupport-4.1.5.gemspec
I, [2014-08-25T18:21:44.818184 #9957]  INFO -- : 0:  builder (3.2.2) from /usr/local/rvm/gems/ruby-2.1.0/specifications/builder-3.2.2.gemspec
I, [2014-08-25T18:21:44.825756 #9957]  INFO -- : 0:  erubis (2.7.0) from /usr/local/rvm/gems/ruby-2.1.0/specifications/erubis-2.7.0.gemspec
I, [2014-08-25T18:21:44.831985 #9957]  INFO -- : 0:  actionview (4.1.5) from /usr/local/rvm/gems/ruby-2.1.0/specifications/actionview-4.1.5.gemspec
I, [2014-08-25T18:21:44.836355 #9957]  INFO -- : 0:  rack (1.5.2) from /usr/local/rvm/gems/ruby-2.1.0/specifications/rack-1.5.2.gemspec
I, [2014-08-25T18:21:44.840006 #9957]  INFO -- : 0:  rack-test (0.6.2) from /usr/local/rvm/gems/ruby-2.1.0/specifications/rack-test-0.6.2.gemspec
I, [2014-08-25T18:21:44.866779 #9957]  INFO -- : 0:  actionpack (4.1.5) from /usr/local/rvm/gems/ruby-2.1.0/specifications/actionpack-4.1.5.gemspec
I, [2014-08-25T18:21:44.870695 #9957]  INFO -- : 0:  mime-types (1.25.1) from /usr/local/rvm/gems/ruby-2.1.0/specifications/mime-types-1.25.1.gemspec
I, [2014-08-25T18:21:44.884152 #9957]  INFO -- : 0:  polyglot (0.3.5) from /usr/local/rvm/gems/ruby-2.1.0/specifications/polyglot-0.3.5.gemspec
I, [2014-08-25T18:21:44.891084 #9957]  INFO -- : 0:  treetop (1.4.15) from /usr/local/rvm/gems/ruby-2.1.0/specifications/treetop-1.4.15.gemspec
I, [2014-08-25T18:21:44.897752 #9957]  INFO -- : 0:  mail (2.5.4) from /usr/local/rvm/gems/ruby-2.1.0/specifications/mail-2.5.4.gemspec
I, [2014-08-25T18:21:44.901628 #9957]  INFO -- : 0:  actionmailer (4.1.5) from /usr/local/rvm/gems/ruby-2.1.0/specifications/actionmailer-4.1.5.gemspec
I, [2014-08-25T18:21:44.910735 #9957]  INFO -- : 0:  activemodel (4.1.5) from /usr/local/rvm/gems/ruby-2.1.0/specifications/activemodel-4.1.5.gemspec
I, [2014-08-25T18:21:44.939863 #9957]  INFO -- : 0:  arel (5.0.1.20140414130214) from /usr/local/rvm/gems/ruby-2.1.0/specifications/arel-5.0.1.20140414130214.gemspec
I, [2014-08-25T18:21:44.947050 #9957]  INFO -- : 0:  activerecord (4.1.5) from /usr/local/rvm/gems/ruby-2.1.0/specifications/activerecord-4.1.5.gemspec
I, [2014-08-25T18:21:44.950701 #9957]  INFO -- : 0:  bundler (1.5.0) from /usr/local/rvm/gems/ruby-2.1.0@global/specifications/bundler-1.5.0.gemspec
I, [2014-08-25T18:21:44.953931 #9957]  INFO -- : 0:  coffee-script-source (1.7.1) from /usr/local/rvm/gems/ruby-2.1.0/specifications/coffee-script-source-1.7.1.gemspec
I, [2014-08-25T18:21:44.958856 #9957]  INFO -- : 0:  execjs (2.2.1) from /usr/local/rvm/gems/ruby-2.1.0/specifications/execjs-2.2.1.gemspec
I, [2014-08-25T18:21:44.966866 #9957]  INFO -- : 0:  coffee-script (2.3.0) from /usr/local/rvm/gems/ruby-2.1.0/specifications/coffee-script-2.3.0.gemspec
I, [2014-08-25T18:21:44.977532 #9957]  INFO -- : 0:  thor (0.19.1) from /usr/local/rvm/gems/ruby-2.1.0/specifications/thor-0.19.1.gemspec
I, [2014-08-25T18:21:44.982682 #9957]  INFO -- : 0:  railties (4.1.5) from /usr/local/rvm/gems/ruby-2.1.0/specifications/railties-4.1.5.gemspec
I, [2014-08-25T18:21:44.987429 #9957]  INFO -- : 0:  coffee-rails (4.0.1) from /usr/local/rvm/gems/ruby-2.1.0/specifications/coffee-rails-4.0.1.gemspec
I, [2014-08-25T18:21:44.990442 #9957]  INFO -- : 0:  hike (1.2.3) from /usr/local/rvm/gems/ruby-2.1.0/specifications/hike-1.2.3.gemspec
I, [2014-08-25T18:21:44.999162 #9957]  INFO -- : 0:  multi_json (1.10.1) from /usr/local/rvm/gems/ruby-2.1.0/specifications/multi_json-1.10.1.gemspec
I, [2014-08-25T18:21:45.003580 #9957]  INFO -- : 0:  jbuilder (2.1.3) from /usr/local/rvm/gems/ruby-2.1.0/specifications/jbuilder-2.1.3.gemspec
I, [2014-08-25T18:21:45.013669 #9957]  INFO -- : 0:  jquery-rails (3.1.1) from /usr/local/rvm/gems/ruby-2.1.0/specifications/jquery-rails-3.1.1.gemspec
I, [2014-08-25T18:21:45.018123 #9957]  INFO -- : 0:  libv8 (3.16.14.3) from /usr/local/rvm/gems/ruby-2.1.0/specifications/libv8-3.16.14.3-x86_64-linux.gemspec
I, [2014-08-25T18:21:45.021999 #9957]  INFO -- : 0:  tilt (1.4.1) from /usr/local/rvm/gems/ruby-2.1.0/specifications/tilt-1.4.1.gemspec
I, [2014-08-25T18:21:45.025997 #9957]  INFO -- : 0:  sprockets (2.11.0) from /usr/local/rvm/gems/ruby-2.1.0/specifications/sprockets-2.11.0.gemspec
I, [2014-08-25T18:21:45.031779 #9957]  INFO -- : 0:  sprockets-rails (2.1.3) from /usr/local/rvm/gems/ruby-2.1.0/specifications/sprockets-rails-2.1.3.gemspec
I, [2014-08-25T18:21:45.034919 #9957]  INFO -- : 0:  rails (4.1.5) from /usr/local/rvm/gems/ruby-2.1.0/specifications/rails-4.1.5.gemspec
I, [2014-08-25T18:21:45.038432 #9957]  INFO -- : 0:  rdoc (4.1.1) from /usr/local/rvm/gems/ruby-2.1.0/specifications/rdoc-4.1.1.gemspec
I, [2014-08-25T18:21:45.044021 #9957]  INFO -- : 0:  ref (1.0.5) from /usr/local/rvm/gems/ruby-2.1.0/specifications/ref-1.0.5.gemspec
I, [2014-08-25T18:21:45.047555 #9957]  INFO -- : 0:  sass (3.2.19) from /usr/local/rvm/gems/ruby-2.1.0/specifications/sass-3.2.19.gemspec
I, [2014-08-25T18:21:45.050697 #9957]  INFO -- : 0:  sass-rails (4.0.3) from /usr/local/rvm/gems/ruby-2.1.0/specifications/sass-rails-4.0.3.gemspec
I, [2014-08-25T18:21:45.054453 #9957]  INFO -- : 0:  sdoc (0.4.1) from /usr/local/rvm/gems/ruby-2.1.0/specifications/sdoc-0.4.1.gemspec
I, [2014-08-25T18:21:45.057648 #9957]  INFO -- : 0:  spring (1.1.3) from /usr/local/rvm/gems/ruby-2.1.0/specifications/spring-1.1.3.gemspec
I, [2014-08-25T18:21:45.066857 #9957]  INFO -- : 0:  sqlite3 (1.3.9) from /usr/local/rvm/gems/ruby-2.1.0/specifications/sqlite3-1.3.9.gemspec
I, [2014-08-25T18:21:45.070778 #9957]  INFO -- : 0:  therubyracer (0.12.1) from /usr/local/rvm/gems/ruby-2.1.0/specifications/therubyracer-0.12.1.gemspec
I, [2014-08-25T18:21:45.074352 #9957]  INFO -- : 0:  turbolinks (2.3.0) from /usr/local/rvm/gems/ruby-2.1.0/specifications/turbolinks-2.3.0.gemspec
E, [2014-08-25T18:22:45.758972 #9957] ERROR -- : Bundler::GemspecError: Could not read gem at /usr/local/rvm/gems/ruby-2.1.0/cache/twitter-bootstrap-rails-3.2.0.gem. It may be corrupted.
/usr/local/rvm/gems/ruby-2.1.0@global/gems/bundler-1.5.0/lib/bundler/rubygems_integration.rb:165:in `rescue in spec_from_gem'  \n/usr/local/rvm/gems/ruby-2.1.0@global/gems/bundler-1.5.0/lib/bundler/rubygems_integration.rb:162:in `spec_from_gem'  \n/usr/local/rvm/gems/ruby-2.1.0@global/gems/bundler-1.5.0/lib/bundler/source/rubygems.rb:79:in `install'  \n/usr/local/rvm/gems/ruby-2.1.0@global/gems/bundler-1.5.0/lib/bundler/installer.rb:111:in `block in install_gem_from_spec'  \n/usr/local/rvm/gems/ruby-2.1.0@global/gems/bundler-1.5.0/lib/bundler/rubygems_integration.rb:150:in `with_build_args'  \n/usr/local/rvm/gems/ruby-2.1.0@global/gems/bundler-1.5.0/lib/bundler/installer.rb:110:in `install_gem_from_spec'  \n/usr/local/rvm/gems/ruby-2.1.0@global/gems/bundler-1.5.0/lib/bundler/installer.rb:295:in `block in install_sequentially'  \n/usr/local/rvm/rubies/ruby-2.1.0/lib/ruby/2.1.0/forwardable.rb:183:in `each'  \n/usr/local/rvm/rubies/ruby-2.1.0/lib/ruby/2.1.0/forwardable.rb:183:in `each'  \n/usr/local/rvm/gems/ruby-2.1.0@global/gems/bundler-1.5.0/lib/bundler/installer.rb:294:in `install_sequentially'  \n/usr/local/rvm/gems/ruby-2.1.0@global/gems/bundler-1.5.0/lib/bundler/installer.rb:97:in `run'  \n/usr/local/rvm/gems/ruby-2.1.0@global/gems/bundler-1.5.0/lib/bundler/installer.rb:15:in `install'  \n/usr/local/rvm/gems/ruby-2.1.0@global/gems/bundler-1.5.0/lib/bundler/cli.rb:257:in `install'  \n/usr/local/rvm/gems/ruby-2.1.0@global/gems/bundler-1.5.0/lib/bundler/vendor/thor/command.rb:27:in `run'  \n/usr/local/rvm/gems/ruby-2.1.0@global/gems/bundler-1.5.0/lib/bundler/vendor/thor/invocation.rb:120:in `invoke_command'  \n/usr/local/rvm/gems/ruby-2.1.0@global/gems/bundler-1.5.0/lib/bundler/vendor/thor.rb:363:in `dispatch'  \n/usr/local/rvm/gems/ruby-2.1.0@global/gems/bundler-1.5.0/lib/bundler/vendor/thor/base.rb:438:in `start'  \n/usr/local/rvm/gems/ruby-2.1.0@global/gems/bundler-1.5.0/lib/bundler/cli.rb:10:in `start'  \n/usr/local/rvm/gems/ruby-2.1.0@global/gems/bundler-1.5.0/bin/bundle:22:in `block in <top (required)>'  \n/usr/local/rvm/gems/ruby-2.1.0@global/gems/bundler-1.5.0/lib/bundler/friendly_errors.rb:5:in `with_friendly_errors'  \n/usr/local/rvm/gems/ruby-2.1.0@global/gems/bundler-1.5.0/bin/bundle:22:in `<top (required)>'  \n/usr/local/rvm/gems/ruby-2.1.0@global/bin/bundle:23:in `load'  \n/usr/local/rvm/gems/ruby-2.1.0@global/bin/bundle:23:in `<main>'  \n/usr/local/rvm/gems/ruby-2.1.0/bin/ruby_executable_hooks:15:in `eval'  \n/usr/local/rvm/gems/ruby-2.1.0/bin/ruby_executable_hooks:15:in `<main>'
I, [2014-08-25T18:25:18.442099 #10134]  INFO -- : 0:  rake (10.3.2) from /usr/local/rvm/gems/ruby-2.1.0/specifications/rake-10.3.2.gemspec
I, [2014-08-25T18:25:18.443437 #10134]  INFO -- : 0:  i18n (0.6.11) from /usr/local/rvm/gems/ruby-2.1.0/specifications/i18n-0.6.11.gemspec
I, [2014-08-25T18:25:38.449723 #10134]  INFO -- : 0:  json (1.8.1) from /usr/local/rvm/gems/ruby-2.1.0/specifications/json-1.8.1.gemspec
I, [2014-08-25T18:25:38.513704 #10134]  INFO -- : 0:  minitest (5.4.0) from /usr/local/rvm/gems/ruby-2.1.0/specifications/minitest-5.4.0.gemspec
I, [2014-08-25T18:25:38.518881 #10134]  INFO -- : 0:  thread_safe (0.3.4) from /usr/local/rvm/gems/ruby-2.1.0/specifications/thread_safe-0.3.4.gemspec
I, [2014-08-25T18:25:38.525398 #10134]  INFO -- : 0:  tzinfo (1.2.2) from /usr/local/rvm/gems/ruby-2.1.0/specifications/tzinfo-1.2.2.gemspec
I, [2014-08-25T18:25:38.529375 #10134]  INFO -- : 0:  activesupport (4.1.5) from /usr/local/rvm/gems/ruby-2.1.0/specifications/activesupport-4.1.5.gemspec
I, [2014-08-25T18:25:38.538711 #10134]  INFO -- : 0:  builder (3.2.2) from /usr/local/rvm/gems/ruby-2.1.0/specifications/builder-3.2.2.gemspec
I, [2014-08-25T18:25:38.545849 #10134]  INFO -- : 0:  erubis (2.7.0) from /usr/local/rvm/gems/ruby-2.1.0/specifications/erubis-2.7.0.gemspec
I, [2014-08-25T18:25:38.551710 #10134]  INFO -- : 0:  actionview (4.1.5) from /usr/local/rvm/gems/ruby-2.1.0/specifications/actionview-4.1.5.gemspec
I, [2014-08-25T18:25:38.580789 #10134]  INFO -- : 0:  rack (1.5.2) from /usr/local/rvm/gems/ruby-2.1.0/specifications/rack-1.5.2.gemspec
I, [2014-08-25T18:25:38.594672 #10134]  INFO -- : 0:  rack-test (0.6.2) from /usr/local/rvm/gems/ruby-2.1.0/specifications/rack-test-0.6.2.gemspec
I, [2014-08-25T18:25:38.603271 #10134]  INFO -- : 0:  actionpack (4.1.5) from /usr/local/rvm/gems/ruby-2.1.0/specifications/actionpack-4.1.5.gemspec
I, [2014-08-25T18:25:38.608460 #10134]  INFO -- : 0:  mime-types (1.25.1) from /usr/local/rvm/gems/ruby-2.1.0/specifications/mime-types-1.25.1.gemspec
I, [2014-08-25T18:25:38.613121 #10134]  INFO -- : 0:  polyglot (0.3.5) from /usr/local/rvm/gems/ruby-2.1.0/specifications/polyglot-0.3.5.gemspec
I, [2014-08-25T18:25:38.629796 #10134]  INFO -- : 0:  treetop (1.4.15) from /usr/local/rvm/gems/ruby-2.1.0/specifications/treetop-1.4.15.gemspec
I, [2014-08-25T18:25:38.633795 #10134]  INFO -- : 0:  mail (2.5.4) from /usr/local/rvm/gems/ruby-2.1.0/specifications/mail-2.5.4.gemspec
I, [2014-08-25T18:25:38.645866 #10134]  INFO -- : 0:  actionmailer (4.1.5) from /usr/local/rvm/gems/ruby-2.1.0/specifications/actionmailer-4.1.5.gemspec
I, [2014-08-25T18:25:38.650286 #10134]  INFO -- : 0:  activemodel (4.1.5) from /usr/local/rvm/gems/ruby-2.1.0/specifications/activemodel-4.1.5.gemspec
I, [2014-08-25T18:25:38.659986 #10134]  INFO -- : 0:  arel (5.0.1.20140414130214) from /usr/local/rvm/gems/ruby-2.1.0/specifications/arel-5.0.1.20140414130214.gemspec
I, [2014-08-25T18:25:38.666283 #10134]  INFO -- : 0:  activerecord (4.1.5) from /usr/local/rvm/gems/ruby-2.1.0/specifications/activerecord-4.1.5.gemspec
I, [2014-08-25T18:25:38.672837 #10134]  INFO -- : 0:  bundler (1.5.0) from /usr/local/rvm/gems/ruby-2.1.0@global/specifications/bundler-1.5.0.gemspec
I, [2014-08-25T18:25:38.680869 #10134]  INFO -- : 0:  coffee-script-source (1.7.1) from /usr/local/rvm/gems/ruby-2.1.0/specifications/coffee-script-source-1.7.1.gemspec
I, [2014-08-25T18:25:38.684258 #10134]  INFO -- : 0:  execjs (2.2.1) from /usr/local/rvm/gems/ruby-2.1.0/specifications/execjs-2.2.1.gemspec
I, [2014-08-25T18:25:38.693907 #10134]  INFO -- : 0:  coffee-script (2.3.0) from /usr/local/rvm/gems/ruby-2.1.0/specifications/coffee-script-2.3.0.gemspec
I, [2014-08-25T18:25:38.701174 #10134]  INFO -- : 0:  thor (0.19.1) from /usr/local/rvm/gems/ruby-2.1.0/specifications/thor-0.19.1.gemspec
I, [2014-08-25T18:25:38.705468 #10134]  INFO -- : 0:  railties (4.1.5) from /usr/local/rvm/gems/ruby-2.1.0/specifications/railties-4.1.5.gemspec
I, [2014-08-25T18:25:38.712775 #10134]  INFO -- : 0:  coffee-rails (4.0.1) from /usr/local/rvm/gems/ruby-2.1.0/specifications/coffee-rails-4.0.1.gemspec
I, [2014-08-25T18:25:38.718615 #10134]  INFO -- : 0:  hike (1.2.3) from /usr/local/rvm/gems/ruby-2.1.0/specifications/hike-1.2.3.gemspec
I, [2014-08-25T18:25:38.726747 #10134]  INFO -- : 0:  multi_json (1.10.1) from /usr/local/rvm/gems/ruby-2.1.0/specifications/multi_json-1.10.1.gemspec
I, [2014-08-25T18:25:38.737580 #10134]  INFO -- : 0:  jbuilder (2.1.3) from /usr/local/rvm/gems/ruby-2.1.0/specifications/jbuilder-2.1.3.gemspec
I, [2014-08-25T18:25:38.742744 #10134]  INFO -- : 0:  jquery-rails (3.1.1) from /usr/local/rvm/gems/ruby-2.1.0/specifications/jquery-rails-3.1.1.gemspec
I, [2014-08-25T18:25:38.746483 #10134]  INFO -- : 0:  libv8 (3.16.14.3) from /usr/local/rvm/gems/ruby-2.1.0/specifications/libv8-3.16.14.3-x86_64-linux.gemspec
I, [2014-08-25T18:25:38.751147 #10134]  INFO -- : 0:  tilt (1.4.1) from /usr/local/rvm/gems/ruby-2.1.0/specifications/tilt-1.4.1.gemspec
I, [2014-08-25T18:25:38.755753 #10134]  INFO -- : 0:  sprockets (2.11.0) from /usr/local/rvm/gems/ruby-2.1.0/specifications/sprockets-2.11.0.gemspec
I, [2014-08-25T18:25:38.759965 #10134]  INFO -- : 0:  sprockets-rails (2.1.3) from /usr/local/rvm/gems/ruby-2.1.0/specifications/sprockets-rails-2.1.3.gemspec
I, [2014-08-25T18:25:38.763612 #10134]  INFO -- : 0:  rails (4.1.5) from /usr/local/rvm/gems/ruby-2.1.0/specifications/rails-4.1.5.gemspec
I, [2014-08-25T18:25:38.773105 #10134]  INFO -- : 0:  rdoc (4.1.1) from /usr/local/rvm/gems/ruby-2.1.0/specifications/rdoc-4.1.1.gemspec
I, [2014-08-25T18:25:38.777707 #10134]  INFO -- : 0:  ref (1.0.5) from /usr/local/rvm/gems/ruby-2.1.0/specifications/ref-1.0.5.gemspec
I, [2014-08-25T18:25:38.782057 #10134]  INFO -- : 0:  sass (3.2.19) from /usr/local/rvm/gems/ruby-2.1.0/specifications/sass-3.2.19.gemspec
I, [2014-08-25T18:25:38.787468 #10134]  INFO -- : 0:  sass-rails (4.0.3) from /usr/local/rvm/gems/ruby-2.1.0/specifications/sass-rails-4.0.3.gemspec
I, [2014-08-25T18:25:38.793341 #10134]  INFO -- : 0:  sdoc (0.4.1) from /usr/local/rvm/gems/ruby-2.1.0/specifications/sdoc-0.4.1.gemspec
I, [2014-08-25T18:25:38.796747 #10134]  INFO -- : 0:  spring (1.1.3) from /usr/local/rvm/gems/ruby-2.1.0/specifications/spring-1.1.3.gemspec
I, [2014-08-25T18:25:38.802854 #10134]  INFO -- : 0:  sqlite3 (1.3.9) from /usr/local/rvm/gems/ruby-2.1.0/specifications/sqlite3-1.3.9.gemspec
I, [2014-08-25T18:25:38.806889 #10134]  INFO -- : 0:  therubyracer (0.12.1) from /usr/local/rvm/gems/ruby-2.1.0/specifications/therubyracer-0.12.1.gemspec
I, [2014-08-25T18:25:38.817236 #10134]  INFO -- : 0:  turbolinks (2.3.0) from /usr/local/rvm/gems/ruby-2.1.0/specifications/turbolinks-2.3.0.gemspec
I, [2014-08-25T18:25:39.382481 #10134]  INFO -- : 0:  twitter-bootstrap-rails (3.2.0) from /home/dheerendra/.bundler/ruby/2.1.0/twitter-bootstrap-rails-aedb1a08b3db/twitter-bootstrap-rails.gemspec
I, [2014-08-25T18:25:39.385892 #10134]  INFO -- : 0:  uglifier (2.5.3) from /usr/local/rvm/gems/ruby-2.1.0/specifications/uglifier-2.5.3.gemspec
I, [2014-08-25T19:21:56.474966 #11441]  INFO -- : 0:  rake (10.3.2) from /usr/local/rvm/gems/ruby-2.1.0/specifications/rake-10.3.2.gemspec
I, [2014-08-25T19:21:56.476487 #11441]  INFO -- : 0:  i18n (0.6.11) from /usr/local/rvm/gems/ruby-2.1.0/specifications/i18n-0.6.11.gemspec
I, [2014-08-25T19:21:58.338255 #11441]  INFO -- : 0:  json (1.8.1) from /usr/local/rvm/gems/ruby-2.1.0/specifications/json-1.8.1.gemspec
I, [2014-08-25T19:21:58.343017 #11441]  INFO -- : 0:  minitest (5.4.0) from /usr/local/rvm/gems/ruby-2.1.0/specifications/minitest-5.4.0.gemspec
I, [2014-08-25T19:21:58.347127 #11441]  INFO -- : 0:  thread_safe (0.3.4) from /usr/local/rvm/gems/ruby-2.1.0/specifications/thread_safe-0.3.4.gemspec
I, [2014-08-25T19:21:58.350260 #11441]  INFO -- : 0:  tzinfo (1.2.2) from /usr/local/rvm/gems/ruby-2.1.0/specifications/tzinfo-1.2.2.gemspec
I, [2014-08-25T19:21:58.353215 #11441]  INFO -- : 0:  activesupport (4.1.5) from /usr/local/rvm/gems/ruby-2.1.0/specifications/activesupport-4.1.5.gemspec
I, [2014-08-25T19:21:58.358743 #11441]  INFO -- : 0:  builder (3.2.2) from /usr/local/rvm/gems/ruby-2.1.0/specifications/builder-3.2.2.gemspec
I, [2014-08-25T19:21:58.363916 #11441]  INFO -- : 0:  erubis (2.7.0) from /usr/local/rvm/gems/ruby-2.1.0/specifications/erubis-2.7.0.gemspec
I, [2014-08-25T19:21:58.371398 #11441]  INFO -- : 0:  actionview (4.1.5) from /usr/local/rvm/gems/ruby-2.1.0/specifications/actionview-4.1.5.gemspec
I, [2014-08-25T19:21:58.378899 #11441]  INFO -- : 0:  rack (1.5.2) from /usr/local/rvm/gems/ruby-2.1.0/specifications/rack-1.5.2.gemspec
I, [2014-08-25T19:21:58.386647 #11441]  INFO -- : 0:  rack-test (0.6.2) from /usr/local/rvm/gems/ruby-2.1.0/specifications/rack-test-0.6.2.gemspec
I, [2014-08-25T19:21:58.391037 #11441]  INFO -- : 0:  actionpack (4.1.5) from /usr/local/rvm/gems/ruby-2.1.0/specifications/actionpack-4.1.5.gemspec
I, [2014-08-25T19:21:58.394269 #11441]  INFO -- : 0:  mime-types (1.25.1) from /usr/local/rvm/gems/ruby-2.1.0/specifications/mime-types-1.25.1.gemspec
I, [2014-08-25T19:21:58.398585 #11441]  INFO -- : 0:  polyglot (0.3.5) from /usr/local/rvm/gems/ruby-2.1.0/specifications/polyglot-0.3.5.gemspec
I, [2014-08-25T19:21:58.401894 #11441]  INFO -- : 0:  treetop (1.4.15) from /usr/local/rvm/gems/ruby-2.1.0/specifications/treetop-1.4.15.gemspec
I, [2014-08-25T19:21:58.406232 #11441]  INFO -- : 0:  mail (2.5.4) from /usr/local/rvm/gems/ruby-2.1.0/specifications/mail-2.5.4.gemspec
I, [2014-08-25T19:21:58.409907 #11441]  INFO -- : 0:  actionmailer (4.1.5) from /usr/local/rvm/gems/ruby-2.1.0/specifications/actionmailer-4.1.5.gemspec
I, [2014-08-25T19:21:58.413380 #11441]  INFO -- : 0:  activemodel (4.1.5) from /usr/local/rvm/gems/ruby-2.1.0/specifications/activemodel-4.1.5.gemspec
I, [2014-08-25T19:21:58.416503 #11441]  INFO -- : 0:  arel (5.0.1.20140414130214) from /usr/local/rvm/gems/ruby-2.1.0/specifications/arel-5.0.1.20140414130214.gemspec
I, [2014-08-25T19:21:58.419449 #11441]  INFO -- : 0:  activerecord (4.1.5) from /usr/local/rvm/gems/ruby-2.1.0/specifications/activerecord-4.1.5.gemspec
I, [2014-08-25T19:21:58.423279 #11441]  INFO -- : 0:  coffee-script-source (1.7.1) from /usr/local/rvm/gems/ruby-2.1.0/specifications/coffee-script-source-1.7.1.gemspec
I, [2014-08-25T19:21:58.426767 #11441]  INFO -- : 0:  execjs (2.2.1) from /usr/local/rvm/gems/ruby-2.1.0/specifications/execjs-2.2.1.gemspec
I, [2014-08-25T19:21:58.430284 #11441]  INFO -- : 0:  coffee-script (2.3.0) from /usr/local/rvm/gems/ruby-2.1.0/specifications/coffee-script-2.3.0.gemspec
I, [2014-08-25T19:21:58.434103 #11441]  INFO -- : 0:  thor (0.19.1) from /usr/local/rvm/gems/ruby-2.1.0/specifications/thor-0.19.1.gemspec
I, [2014-08-25T19:21:58.438856 #11441]  INFO -- : 0:  railties (4.1.5) from /usr/local/rvm/gems/ruby-2.1.0/specifications/railties-4.1.5.gemspec
I, [2014-08-25T19:21:58.451552 #11441]  INFO -- : 0:  coffee-rails (4.0.1) from /usr/local/rvm/gems/ruby-2.1.0/specifications/coffee-rails-4.0.1.gemspec
I, [2014-08-25T19:21:58.455736 #11441]  INFO -- : 0:  hike (1.2.3) from /usr/local/rvm/gems/ruby-2.1.0/specifications/hike-1.2.3.gemspec
I, [2014-08-25T19:21:58.460271 #11441]  INFO -- : 0:  multi_json (1.10.1) from /usr/local/rvm/gems/ruby-2.1.0/specifications/multi_json-1.10.1.gemspec
I, [2014-08-25T19:21:58.466707 #11441]  INFO -- : 0:  jbuilder (2.1.3) from /usr/local/rvm/gems/ruby-2.1.0/specifications/jbuilder-2.1.3.gemspec
I, [2014-08-25T19:21:58.473522 #11441]  INFO -- : 0:  jquery-rails (3.1.1) from /usr/local/rvm/gems/ruby-2.1.0/specifications/jquery-rails-3.1.1.gemspec
I, [2014-08-25T19:21:58.478685 #11441]  INFO -- : 0:  libv8 (3.16.14.3) from /usr/local/rvm/gems/ruby-2.1.0/specifications/libv8-3.16.14.3-x86_64-linux.gemspec
I, [2014-08-25T19:21:58.482668 #11441]  INFO -- : 0:  bundler (1.5.0) from /usr/local/rvm/gems/ruby-2.1.0@global/specifications/bundler-1.5.0.gemspec
I, [2014-08-25T19:21:58.490765 #11441]  INFO -- : 0:  tilt (1.4.1) from /usr/local/rvm/gems/ruby-2.1.0/specifications/tilt-1.4.1.gemspec
I, [2014-08-25T19:21:58.493892 #11441]  INFO -- : 0:  sprockets (2.11.0) from /usr/local/rvm/gems/ruby-2.1.0/specifications/sprockets-2.11.0.gemspec
I, [2014-08-25T19:21:58.497123 #11441]  INFO -- : 0:  sprockets-rails (2.1.3) from /usr/local/rvm/gems/ruby-2.1.0/specifications/sprockets-rails-2.1.3.gemspec
I, [2014-08-25T19:21:58.500701 #11441]  INFO -- : 0:  rails (4.1.5) from /usr/local/rvm/gems/ruby-2.1.0/specifications/rails-4.1.5.gemspec
I, [2014-08-25T19:21:58.503234 #11441]  INFO -- : 0:  rdoc (4.1.1) from /usr/local/rvm/gems/ruby-2.1.0/specifications/rdoc-4.1.1.gemspec
I, [2014-08-25T19:21:58.506676 #11441]  INFO -- : 0:  ref (1.0.5) from /usr/local/rvm/gems/ruby-2.1.0/specifications/ref-1.0.5.gemspec
I, [2014-08-25T19:21:58.509627 #11441]  INFO -- : 0:  sass (3.2.19) from /usr/local/rvm/gems/ruby-2.1.0/specifications/sass-3.2.19.gemspec
I, [2014-08-25T19:21:58.523175 #11441]  INFO -- : 0:  sass-rails (4.0.3) from /usr/local/rvm/gems/ruby-2.1.0/specifications/sass-rails-4.0.3.gemspec
I, [2014-08-25T19:21:58.530484 #11441]  INFO -- : 0:  sdoc (0.4.1) from /usr/local/rvm/gems/ruby-2.1.0/specifications/sdoc-0.4.1.gemspec
I, [2014-08-25T19:21:58.534576 #11441]  INFO -- : 0:  spring (1.1.3) from /usr/local/rvm/gems/ruby-2.1.0/specifications/spring-1.1.3.gemspec
I, [2014-08-25T19:21:58.539006 #11441]  INFO -- : 0:  sqlite3 (1.3.9) from /usr/local/rvm/gems/ruby-2.1.0/specifications/sqlite3-1.3.9.gemspec
I, [2014-08-25T19:21:58.543432 #11441]  INFO -- : 0:  therubyracer (0.12.1) from /usr/local/rvm/gems/ruby-2.1.0/specifications/therubyracer-0.12.1.gemspec
I, [2014-08-25T19:21:58.546663 #11441]  INFO -- : 0:  turbolinks (2.3.0) from /usr/local/rvm/gems/ruby-2.1.0/specifications/turbolinks-2.3.0.gemspec
I, [2014-08-25T19:21:59.043683 #11441]  INFO -- : 0:  twitter-bootstrap-rails (3.2.0) from /usr/local/rvm/gems/ruby-2.1.0/bundler/gems/twitter-bootstrap-rails-aedb1a08b3db/twitter-bootstrap-rails.gemspec
I, [2014-08-25T19:21:59.046371 #11441]  INFO -- : 0:  uglifier (2.5.3) from /usr/local/rvm/gems/ruby-2.1.0/specifications/uglifier-2.5.3.gemspec
I, [2014-08-29T13:30:22.551643 #5514]  INFO -- : 0:  rake (10.3.2) from /usr/local/rvm/gems/ruby-2.1.0/specifications/rake-10.3.2.gemspec
I, [2014-08-29T13:30:22.556119 #5514]  INFO -- : 0:  i18n (0.6.11) from /usr/local/rvm/gems/ruby-2.1.0/specifications/i18n-0.6.11.gemspec
E, [2014-08-29T13:30:29.285307 #5514] ERROR -- : SystemExit: exit
/usr/local/rvm/gems/ruby-2.1.0@global/gems/bundler-1.5.0/bin/bundle:4:in `exit'  \n/usr/local/rvm/gems/ruby-2.1.0@global/gems/bundler-1.5.0/bin/bundle:4:in `block in <top (required)>'  \n/usr/local/rvm/gems/ruby-2.1.0@global/gems/bundler-1.5.0/lib/bundler.rb:316:in `call'  \n/usr/local/rvm/gems/ruby-2.1.0@global/gems/bundler-1.5.0/lib/bundler.rb:316:in ``'  \n/usr/local/rvm/gems/ruby-2.1.0@global/gems/bundler-1.5.0/lib/bundler.rb:316:in `sudo'  \n/usr/local/rvm/gems/ruby-2.1.0@global/gems/bundler-1.5.0/lib/bundler/source/rubygems.rb:108:in `install'  \n/usr/local/rvm/gems/ruby-2.1.0@global/gems/bundler-1.5.0/lib/bundler/installer.rb:111:in `block in install_gem_from_spec'  \n/usr/local/rvm/gems/ruby-2.1.0@global/gems/bundler-1.5.0/lib/bundler/rubygems_integration.rb:150:in `with_build_args'  \n/usr/local/rvm/gems/ruby-2.1.0@global/gems/bundler-1.5.0/lib/bundler/installer.rb:110:in `install_gem_from_spec'  \n/usr/local/rvm/gems/ruby-2.1.0@global/gems/bundler-1.5.0/lib/bundler/installer.rb:295:in `block in install_sequentially'  \n/usr/local/rvm/rubies/ruby-2.1.0/lib/ruby/2.1.0/forwardable.rb:183:in `each'  \n/usr/local/rvm/rubies/ruby-2.1.0/lib/ruby/2.1.0/forwardable.rb:183:in `each'  \n/usr/local/rvm/gems/ruby-2.1.0@global/gems/bundler-1.5.0/lib/bundler/installer.rb:294:in `install_sequentially'  \n/usr/local/rvm/gems/ruby-2.1.0@global/gems/bundler-1.5.0/lib/bundler/installer.rb:97:in `run'  \n/usr/local/rvm/gems/ruby-2.1.0@global/gems/bundler-1.5.0/lib/bundler/installer.rb:15:in `install'  \n/usr/local/rvm/gems/ruby-2.1.0@global/gems/bundler-1.5.0/lib/bundler/cli.rb:257:in `install'  \n/usr/local/rvm/gems/ruby-2.1.0@global/gems/bundler-1.5.0/lib/bundler/vendor/thor/command.rb:27:in `run'  \n/usr/local/rvm/gems/ruby-2.1.0@global/gems/bundler-1.5.0/lib/bundler/vendor/thor/invocation.rb:120:in `invoke_command'  \n/usr/local/rvm/gems/ruby-2.1.0@global/gems/bundler-1.5.0/lib/bundler/vendor/thor.rb:363:in `dispatch'  \n/usr/local/rvm/gems/ruby-2.1.0@global/gems/bundler-1.5.0/lib/bundler/vendor/thor/base.rb:438:in `start'  \n/usr/local/rvm/gems/ruby-2.1.0@global/gems/bundler-1.5.0/lib/bundler/cli.rb:10:in `start'  \n/usr/local/rvm/gems/ruby-2.1.0@global/gems/bundler-1.5.0/bin/bundle:22:in `block in <top (required)>'  \n/usr/local/rvm/gems/ruby-2.1.0@global/gems/bundler-1.5.0/lib/bundler/friendly_errors.rb:5:in `with_friendly_errors'  \n/usr/local/rvm/gems/ruby-2.1.0@global/gems/bundler-1.5.0/bin/bundle:22:in `<top (required)>'  \n/usr/local/rvm/gems/ruby-2.1.0@global/bin/bundle:23:in `load'  \n/usr/local/rvm/gems/ruby-2.1.0@global/bin/bundle:23:in `<main>'  \n/usr/local/rvm/gems/ruby-2.1.0/bin/ruby_executable_hooks:15:in `eval'  \n/usr/local/rvm/gems/ruby-2.1.0/bin/ruby_executable_hooks:15:in `<main>'
I, [2014-08-29T13:30:52.153535 #5674]  INFO -- : 0:  rake (10.3.2) from /usr/local/rvm/gems/ruby-2.1.0/specifications/rake-10.3.2.gemspec
I, [2014-08-29T13:30:52.157867 #5674]  INFO -- : 0:  i18n (0.6.11) from /usr/local/rvm/gems/ruby-2.1.0/specifications/i18n-0.6.11.gemspec
I, [2014-08-29T13:30:54.162724 #5674]  INFO -- : 0:  json (1.8.1) from /usr/local/rvm/gems/ruby-2.1.0/specifications/json-1.8.1.gemspec
I, [2014-08-29T13:30:54.166242 #5674]  INFO -- : 0:  minitest (5.4.0) from /usr/local/rvm/gems/ruby-2.1.0/specifications/minitest-5.4.0.gemspec
I, [2014-08-29T13:30:54.169612 #5674]  INFO -- : 0:  thread_safe (0.3.4) from /usr/local/rvm/gems/ruby-2.1.0/specifications/thread_safe-0.3.4.gemspec
I, [2014-08-29T13:30:54.173222 #5674]  INFO -- : 0:  tzinfo (1.2.2) from /usr/local/rvm/gems/ruby-2.1.0/specifications/tzinfo-1.2.2.gemspec
I, [2014-08-29T13:30:54.176221 #5674]  INFO -- : 0:  activesupport (4.1.5) from /usr/local/rvm/gems/ruby-2.1.0/specifications/activesupport-4.1.5.gemspec
I, [2014-08-29T13:30:54.179394 #5674]  INFO -- : 0:  builder (3.2.2) from /usr/local/rvm/gems/ruby-2.1.0/specifications/builder-3.2.2.gemspec
I, [2014-08-29T13:30:54.182828 #5674]  INFO -- : 0:  erubis (2.7.0) from /usr/local/rvm/gems/ruby-2.1.0/specifications/erubis-2.7.0.gemspec
I, [2014-08-29T13:30:54.186198 #5674]  INFO -- : 0:  actionview (4.1.5) from /usr/local/rvm/gems/ruby-2.1.0/specifications/actionview-4.1.5.gemspec
I, [2014-08-29T13:30:54.189338 #5674]  INFO -- : 0:  rack (1.5.2) from /usr/local/rvm/gems/ruby-2.1.0/specifications/rack-1.5.2.gemspec
I, [2014-08-29T13:30:54.191966 #5674]  INFO -- : 0:  rack-test (0.6.2) from /usr/local/rvm/gems/ruby-2.1.0/specifications/rack-test-0.6.2.gemspec
I, [2014-08-29T13:30:54.200189 #5674]  INFO -- : 0:  actionpack (4.1.5) from /usr/local/rvm/gems/ruby-2.1.0/specifications/actionpack-4.1.5.gemspec
I, [2014-08-29T13:30:54.213796 #5674]  INFO -- : 0:  mime-types (1.25.1) from /usr/local/rvm/gems/ruby-2.1.0/specifications/mime-types-1.25.1.gemspec
I, [2014-08-29T13:30:54.218954 #5674]  INFO -- : 0:  polyglot (0.3.5) from /usr/local/rvm/gems/ruby-2.1.0/specifications/polyglot-0.3.5.gemspec
I, [2014-08-29T13:30:54.224778 #5674]  INFO -- : 0:  treetop (1.4.15) from /usr/local/rvm/gems/ruby-2.1.0/specifications/treetop-1.4.15.gemspec
I, [2014-08-29T13:30:54.228639 #5674]  INFO -- : 0:  mail (2.5.4) from /usr/local/rvm/gems/ruby-2.1.0/specifications/mail-2.5.4.gemspec
I, [2014-08-29T13:30:54.232631 #5674]  INFO -- : 0:  actionmailer (4.1.5) from /usr/local/rvm/gems/ruby-2.1.0/specifications/actionmailer-4.1.5.gemspec
I, [2014-08-29T13:30:54.237164 #5674]  INFO -- : 0:  activemodel (4.1.5) from /usr/local/rvm/gems/ruby-2.1.0/specifications/activemodel-4.1.5.gemspec
I, [2014-08-29T13:30:54.241954 #5674]  INFO -- : 0:  arel (5.0.1.20140414130214) from /usr/local/rvm/gems/ruby-2.1.0/specifications/arel-5.0.1.20140414130214.gemspec
I, [2014-08-29T13:30:54.246653 #5674]  INFO -- : 0:  activerecord (4.1.5) from /usr/local/rvm/gems/ruby-2.1.0/specifications/activerecord-4.1.5.gemspec
I, [2014-08-29T13:30:54.250321 #5674]  INFO -- : 0:  bcrypt (3.1.7) from /usr/local/rvm/gems/ruby-2.1.0/specifications/bcrypt-3.1.7.gemspec
I, [2014-08-29T13:30:54.257634 #5674]  INFO -- : 0:  bundler (1.5.0) from /usr/local/rvm/gems/ruby-2.1.0@global/specifications/bundler-1.5.0.gemspec
I, [2014-08-29T13:30:54.275345 #5674]  INFO -- : 0:  coffee-script-source (1.7.1) from /usr/local/rvm/gems/ruby-2.1.0/specifications/coffee-script-source-1.7.1.gemspec
I, [2014-08-29T13:30:54.283031 #5674]  INFO -- : 0:  execjs (2.2.1) from /usr/local/rvm/gems/ruby-2.1.0/specifications/execjs-2.2.1.gemspec
I, [2014-08-29T13:30:54.288851 #5674]  INFO -- : 0:  coffee-script (2.3.0) from /usr/local/rvm/gems/ruby-2.1.0/specifications/coffee-script-2.3.0.gemspec
I, [2014-08-29T13:30:54.292627 #5674]  INFO -- : 0:  thor (0.19.1) from /usr/local/rvm/gems/ruby-2.1.0/specifications/thor-0.19.1.gemspec
I, [2014-08-29T13:30:54.296352 #5674]  INFO -- : 0:  railties (4.1.5) from /usr/local/rvm/gems/ruby-2.1.0/specifications/railties-4.1.5.gemspec
I, [2014-08-29T13:30:54.300360 #5674]  INFO -- : 0:  coffee-rails (4.0.1) from /usr/local/rvm/gems/ruby-2.1.0/specifications/coffee-rails-4.0.1.gemspec
I, [2014-08-29T13:30:54.303556 #5674]  INFO -- : 0:  orm_adapter (0.5.0) from /usr/local/rvm/gems/ruby-2.1.0/specifications/orm_adapter-0.5.0.gemspec
I, [2014-08-29T13:30:54.308810 #5674]  INFO -- : 0:  warden (1.2.3) from /usr/local/rvm/gems/ruby-2.1.0/specifications/warden-1.2.3.gemspec
I, [2014-08-29T13:30:54.312678 #5674]  INFO -- : 0:  devise (3.3.0) from /usr/local/rvm/gems/ruby-2.1.0/specifications/devise-3.3.0.gemspec
I, [2014-08-29T13:30:54.316581 #5674]  INFO -- : 0:  hike (1.2.3) from /usr/local/rvm/gems/ruby-2.1.0/specifications/hike-1.2.3.gemspec
I, [2014-08-29T13:30:54.320834 #5674]  INFO -- : 0:  multi_json (1.10.1) from /usr/local/rvm/gems/ruby-2.1.0/specifications/multi_json-1.10.1.gemspec
I, [2014-08-29T13:30:54.326362 #5674]  INFO -- : 0:  jbuilder (2.1.3) from /usr/local/rvm/gems/ruby-2.1.0/specifications/jbuilder-2.1.3.gemspec
I, [2014-08-29T13:30:54.337874 #5674]  INFO -- : 0:  jquery-rails (3.1.1) from /usr/local/rvm/gems/ruby-2.1.0/specifications/jquery-rails-3.1.1.gemspec
I, [2014-08-29T13:30:54.350636 #5674]  INFO -- : 0:  libv8 (3.16.14.3) from /usr/local/rvm/gems/ruby-2.1.0/specifications/libv8-3.16.14.3-x86_64-linux.gemspec
I, [2014-08-29T13:30:54.357269 #5674]  INFO -- : 0:  tilt (1.4.1) from /usr/local/rvm/gems/ruby-2.1.0/specifications/tilt-1.4.1.gemspec
I, [2014-08-29T13:30:54.361315 #5674]  INFO -- : 0:  sprockets (2.11.0) from /usr/local/rvm/gems/ruby-2.1.0/specifications/sprockets-2.11.0.gemspec
I, [2014-08-29T13:30:54.367617 #5674]  INFO -- : 0:  sprockets-rails (2.1.3) from /usr/local/rvm/gems/ruby-2.1.0/specifications/sprockets-rails-2.1.3.gemspec
I, [2014-08-29T13:30:54.371754 #5674]  INFO -- : 0:  rails (4.1.5) from /usr/local/rvm/gems/ruby-2.1.0/specifications/rails-4.1.5.gemspec
I, [2014-08-29T13:30:54.375708 #5674]  INFO -- : 0:  rdoc (4.1.1) from /usr/local/rvm/gems/ruby-2.1.0/specifications/rdoc-4.1.1.gemspec
I, [2014-08-29T13:30:54.378839 #5674]  INFO -- : 0:  ref (1.0.5) from /usr/local/rvm/gems/ruby-2.1.0/specifications/ref-1.0.5.gemspec
I, [2014-08-29T13:30:54.387629 #5674]  INFO -- : 0:  sass (3.2.19) from /usr/local/rvm/gems/ruby-2.1.0/specifications/sass-3.2.19.gemspec
I, [2014-08-29T13:30:54.391055 #5674]  INFO -- : 0:  sass-rails (4.0.3) from /usr/local/rvm/gems/ruby-2.1.0/specifications/sass-rails-4.0.3.gemspec
I, [2014-08-29T13:30:54.394279 #5674]  INFO -- : 0:  sdoc (0.4.1) from /usr/local/rvm/gems/ruby-2.1.0/specifications/sdoc-0.4.1.gemspec
I, [2014-08-29T13:30:54.406407 #5674]  INFO -- : 0:  spring (1.1.3) from /usr/local/rvm/gems/ruby-2.1.0/specifications/spring-1.1.3.gemspec
I, [2014-08-29T13:30:54.412877 #5674]  INFO -- : 0:  sqlite3 (1.3.9) from /usr/local/rvm/gems/ruby-2.1.0/specifications/sqlite3-1.3.9.gemspec
I, [2014-08-29T13:30:54.417687 #5674]  INFO -- : 0:  therubyracer (0.12.1) from /usr/local/rvm/gems/ruby-2.1.0/specifications/therubyracer-0.12.1.gemspec
I, [2014-08-29T13:30:54.422092 #5674]  INFO -- : 0:  turbolinks (2.3.0) from /usr/local/rvm/gems/ruby-2.1.0/specifications/turbolinks-2.3.0.gemspec
I, [2014-08-29T13:30:54.888080 #5674]  INFO -- : 0:  twitter-bootstrap-rails (3.2.0) from /usr/local/rvm/gems/ruby-2.1.0/bundler/gems/twitter-bootstrap-rails-aedb1a08b3db/twitter-bootstrap-rails.gemspec
I, [2014-08-29T13:30:54.890675 #5674]  INFO -- : 0:  uglifier (2.5.3) from /usr/local/rvm/gems/ruby-2.1.0/specifications/uglifier-2.5.3.gemspec
